<?xml version="1.0" encoding="utf-8"?><testsuites name="pytest tests"><testsuite name="pytest" errors="0" failures="0" skipped="0" tests="13" time="2.499" timestamp="2026-09-19T21:06:38.880324+00:00" hostname="agent-env-25d07ef7-dd44-428c-b403-7cda45b630c5"><testcase classname="tests.test_bank_pin_reset.TestBankSettingsPin" name="test_no_pin_422" time="0.651" /><testcase classname="tests.test_bank_pin_reset.TestBankSettingsPin" name="test_wrong_pin_403" time="0.070" /><testcase classname="tests.test_bank_pin_reset.TestBankSettingsPin" name="test_correct_pin_persists" time="0.238" /><testcase classname="tests.test_bank_pin_reset.TestPoolAndAdjustPin" name="test_pool_missing_pin_422" time="0.072" /><testcase classname="tests.test_bank_pin_reset.TestPoolAndAdjustPin" name="test_pool_wrong_pin_403" time="0.073" /><testcase classname="tests.test_bank_pin_reset.TestPoolAndAdjustPin" name="test_pool_correct_pin_increases_by_exact_amount" time="0.258" /><testcase classname="tests.test_bank_pin_reset.TestPoolAndAdjustPin" name="test_adjust_missing_pin_422" time="0.070" /><testcase classname="tests.test_bank_pin_reset.TestPoolAndAdjustPin" name="test_adjust_wrong_pin_403" time="0.072" /><testcase classname="tests.test_bank_pin_reset.TestPoolAndAdjustPin" name="test_adjust_correct_pin_increases_by_exact_amount" time="0.246" /><testcase classname="tests.test_bank_pin_reset.TestBankReset" name="test_wrong_pin_reset_forbidden_and_no_change" time="0.091" /><testcase classname="tests.test_bank_pin_reset.TestBankReset" name="test_reset_missing_pin_422" time="0.066" /><testcase classname="tests.test_bank_pin_reset.TestBankReset" name="test_reset_correct_pin_resets_everything" time="0.277" /><testcase classname="tests.test_bank_pin_reset.TestBankReset" name="test_pool_topup_after_reset_not_backfilled" time="0.162" /></testsuite></testsuites>