<?xml version="1.0" encoding="utf-8"?><testsuites name="pytest tests"><testsuite name="pytest" errors="0" failures="0" skipped="0" tests="19" time="2.637" timestamp="2026-09-19T15:38:30.219631+00:00" hostname="agent-env-e351eb4a-eaf2-4553-ae71-7b0b08f8d81b"><testcase classname="tests.test_iteration4_chat_deposits.TestGuestChat" name="test_create_chat" time="0.263" /><testcase classname="tests.test_iteration4_chat_deposits.TestGuestChat" name="test_second_post_returns_same_chat" time="0.188" /><testcase classname="tests.test_iteration4_chat_deposits.TestGuestChat" name="test_my_chats_has_cooldown" time="0.118" /><testcase classname="tests.test_iteration4_chat_deposits.TestGuestChat" name="test_close_returns_429" time="0.119" /><testcase classname="tests.test_iteration4_chat_deposits.TestGuestChat" name="test_post_message_ok" time="0.147" /><testcase classname="tests.test_iteration4_chat_deposits.TestUserDepositAndAdmin" name="test_deposit_min_rejected" time="0.140" /><testcase classname="tests.test_iteration4_chat_deposits.TestUserDepositAndAdmin" name="test_deposit_create" time="0.084" /><testcase classname="tests.test_iteration4_chat_deposits.TestUserDepositAndAdmin" name="test_deposit_reuses_chat" time="0.079" /><testcase classname="tests.test_iteration4_chat_deposits.TestUserDepositAndAdmin" name="test_admin_messages" time="0.437" /><testcase classname="tests.test_iteration4_chat_deposits.TestUserDepositAndAdmin" name="test_admin_deposit_preview" time="0.093" /><testcase classname="tests.test_iteration4_chat_deposits.TestUserDepositAndAdmin" name="test_admin_deposit_below_min" time="0.064" /><testcase classname="tests.test_iteration4_chat_deposits.TestUserDepositAndAdmin" name="test_admin_credit_deposit" time="0.147" /><testcase classname="tests.test_iteration4_chat_deposits.TestWithdrawals" name="test_admin_messages_shows_withdrawals" time="0.065" /><testcase classname="tests.test_iteration4_chat_deposits.TestWithdrawals" name="test_admin_cancel_single" time="0.075" /><testcase classname="tests.test_iteration4_chat_deposits.TestWithdrawals" name="test_admin_bulk_done" time="0.069" /><testcase classname="tests.test_iteration4_chat_deposits.TestAdminChatList" name="test_admin_chats_search_qa" time="0.069" /><testcase classname="tests.test_iteration4_chat_deposits.TestAdminChatList" name="test_admin_search_qa" time="0.064" /><testcase classname="tests.test_iteration4_chat_deposits.TestMiscEndpoints" name="test_deposit_info_min_rap" time="0.110" /><testcase classname="tests.test_iteration4_chat_deposits.TestMiscEndpoints" name="test_live_drops_best_window" time="0.143" /></testsuite></testsuites>