<?xml version="1.0" encoding="utf-8"?><testsuites name="pytest tests"><testsuite name="pytest" errors="0" failures="0" skipped="0" tests="10" time="2.798" timestamp="2026-09-19T14:10:33.489677+00:00" hostname="agent-env-e351eb4a-eaf2-4553-ae71-7b0b08f8d81b"><testcase classname="tests.test_emergent_removal_smoke" name="test_root" time="0.210" /><testcase classname="tests.test_emergent_removal_smoke" name="test_health" time="0.118" /><testcase classname="tests.test_emergent_removal_smoke" name="test_rarities" time="0.148" /><testcase classname="tests.test_emergent_removal_smoke" name="test_game_config" time="0.128" /><testcase classname="tests.test_emergent_removal_smoke" name="test_stats" time="0.123" /><testcase classname="tests.test_emergent_removal_smoke" name="test_live_drops" time="0.112" /><testcase classname="tests.test_emergent_removal_smoke" name="test_shop" time="0.119" /><testcase classname="tests.test_emergent_removal_smoke" name="test_admin_login_success_and_session" time="0.422" /><testcase classname="tests.test_emergent_removal_smoke" name="test_admin_login_wrong_last_word" time="0.424" /><testcase classname="tests.test_emergent_removal_smoke" name="test_admin_session_ua_mismatch" time="0.488" /></testsuite></testsuites>