<?xml version="1.0" encoding="utf-8"?><testsuites name="pytest tests"><testsuite name="pytest" errors="0" failures="0" skipped="0" tests="6" time="3.765" timestamp="2026-09-19T15:43:40.716141+00:00" hostname="agent-env-e351eb4a-eaf2-4553-ae71-7b0b08f8d81b"><testcase classname="tests.test_iteration4_livechat" name="test_deposit_info_min_rap" time="0.176" /><testcase classname="tests.test_iteration4_livechat" name="test_guest_chat_single_and_cooldown" time="1.676" /><testcase classname="tests.test_iteration4_livechat" name="test_admin_chats_list_and_search" time="0.758" /><testcase classname="tests.test_iteration4_livechat" name="test_admin_chat_deposit_flow" time="0.426" /><testcase classname="tests.test_iteration4_livechat" name="test_admin_chat_withdrawals" time="0.405" /><testcase classname="tests.test_iteration4_livechat" name="test_admin_chat_deposit_guest_rejected" time="0.190" /></testsuite></testsuites>