<?xml version="1.0" encoding="utf-8"?><testsuites name="pytest tests"><testsuite name="pytest" errors="0" failures="0" skipped="0" tests="11" time="5.458" timestamp="2026-09-23T12:20:16.410074+00:00" hostname="agent-env-ae823a49-376d-4c51-adc4-b6799c75a4de"><testcase classname="tests.test_live_review" name="test_auth_me_works_with_current_sv" time="0.162" /><testcase classname="tests.test_live_review" name="test_auth_me_rejects_stale_sv" time="0.156" /><testcase classname="tests.test_live_review" name="test_live_drops_endpoint" time="0.134" /><testcase classname="tests.test_live_review" name="test_admin_chats_list_shape" time="0.560" /><testcase classname="tests.test_live_review" name="test_admin_chats_summary_shape" time="0.122" /><testcase classname="tests.test_live_review" name="test_concurrent_chat_creation_yields_one" time="0.413" /><testcase classname="tests.test_live_review" name="test_admin_chat_deposit_request_id_idempotent" time="0.810" /><testcase classname="tests.test_live_review" name="test_skin_withdraw_snapshot_and_recipient_changed" time="0.565" /><testcase classname="tests.test_live_review" name="test_shop_buy_idempotent" time="0.616" /><testcase classname="tests.test_live_review" name="test_static_path_traversal_rejected" time="0.196" /><testcase classname="tests.test_live_review" name="test_zzz_logout_revokes_token" time="0.903" /></testsuite></testsuites>