<?xml version="1.0" encoding="utf-8"?><testsuites name="pytest tests"><testsuite name="pytest" errors="0" failures="0" skipped="0" tests="17" time="11.021" timestamp="2026-09-23T13:03:14.291476+00:00" hostname="agent-env-ae823a49-376d-4c51-adc4-b6799c75a4de"><testcase classname="tests.test_live_support_payments" name="test_chat_language_english" time="0.461" /><testcase classname="tests.test_live_support_payments" name="test_chat_language_russian" time="0.332" /><testcase classname="tests.test_live_support_payments" name="test_attachments_guest_401" time="0.347" /><testcase classname="tests.test_live_support_payments" name="test_attachments_non_image_400" time="0.150" /><testcase classname="tests.test_live_support_payments" name="test_attachments_too_large_413" time="0.237" /><testcase classname="tests.test_live_support_payments" name="test_attachments_upload_and_privacy_and_cooldown" time="0.933" /><testcase classname="tests.test_live_support_payments" name="test_admin_can_fetch_attachment" time="0.754" /><testcase classname="tests.test_live_support_payments" name="test_da_request_creates_chat_with_instructions" time="0.393" /><testcase classname="tests.test_live_support_payments" name="test_second_pending_da_request_conflicts" time="0.153" /><testcase classname="tests.test_live_support_payments" name="test_paid_button_once_and_second_is_409" time="0.928" /><testcase classname="tests.test_live_support_payments" name="test_webhook_requires_secret" time="0.167" /><testcase classname="tests.test_live_support_payments" name="test_webhook_accepts_correct_secret" time="0.121" /><testcase classname="tests.test_live_support_payments" name="test_stranger_cannot_approve_deposit" time="0.747" /><testcase classname="tests.test_live_support_payments" name="test_ask_step_does_not_credit" time="0.928" /><testcase classname="tests.test_live_support_payments" name="test_owner_ok_credits_once_and_redelivery_ignored" time="1.140" /><testcase classname="tests.test_live_support_payments" name="test_reject_flow_via_second_request" time="2.164" /><testcase classname="tests.test_live_support_payments" name="test_admin_telegram_status_ok" time="0.987" /></testsuite></testsuites>