<?xml version="1.0" encoding="utf-8"?><testsuites name="pytest tests"><testsuite name="pytest" errors="0" failures="0" skipped="0" tests="15" time="4.248" timestamp="2026-09-07T20:03:05.514627+00:00" hostname="agent-env-b365ef4e-1bc5-4ba6-b413-ea11398ca372"><testcase classname="tests.test_iteration14_isolated.TestAllocationInvariants" name="test_property_style_amounts" time="0.002" /><testcase classname="tests.test_iteration14_isolated.TestAllocationInvariants" name="test_empty_and_sparse_catalog" time="0.000" /><testcase classname="tests.test_iteration14_isolated.TestDepositSettlementWorkflow" name="test_pending_preview_confirm_once[asyncio]" time="0.074" /><testcase classname="tests.test_iteration14_isolated.TestDepositSettlementWorkflow" name="test_preview_readonly_and_consistent_with_confirm[asyncio]" time="0.260" /><testcase classname="tests.test_iteration14_isolated.TestDepositSettlementWorkflow" name="test_repeat_and_concurrent_confirm_no_extra_credit[asyncio]" time="0.007" /><testcase classname="tests.test_iteration14_isolated.TestDepositSettlementWorkflow" name="test_retry_after_simulated_partial_credit_state[asyncio]" time="0.006" /><testcase classname="tests.test_iteration14_isolated.TestDepositSettlementWorkflow" name="test_rejected_cancelled_and_missing_user[asyncio]" time="0.003" /><testcase classname="tests.test_iteration14_isolated.TestAdminAuthIsolated" name="test_seed_hash_format[asyncio]" time="0.000" /><testcase classname="tests.test_iteration14_isolated.TestAdminAuthIsolated" name="test_login_last_word_change_old_phrase_fail[asyncio]" time="0.694" /><testcase classname="tests.test_iteration14_isolated.TestAdminAuthIsolated" name="test_role_isolation_and_user_agent_binding[asyncio]" time="0.237" /><testcase classname="tests.test_iteration14_isolated.TestAdminAuthIsolated" name="test_seed_version_rejects_tampered_token[asyncio]" time="0.227" /><testcase classname="tests.test_iteration14_isolated.TestAdminAuthIsolated" name="test_bruteforce_lockout_after_five_fails[asyncio]" time="1.150" /><testcase classname="tests.test_iteration14_isolated.TestPublicLiveEndpoints" name="test_shop_20_items_and_search_safety" time="0.465" /><testcase classname="tests.test_iteration14_isolated.TestPublicLiveEndpoints" name="test_discord_public_redirect_cookie_state" time="0.132" /><testcase classname="tests.test_iteration14_isolated.TestPublicLiveEndpoints" name="test_discord_callback_missing_mismatch_and_replay_state_denied" time="0.633" /></testsuite></testsuites>