<?xml version="1.0" encoding="utf-8"?><testsuites name="pytest tests"><testsuite name="pytest" errors="0" failures="0" skipped="0" tests="17" time="4.757" timestamp="2026-09-07T20:07:29.539728+00:00" hostname="agent-env-b365ef4e-1bc5-4ba6-b413-ea11398ca372"><testcase classname="tests.test_iteration14_isolated.TestAdminAuthIsolated" name="test_seed_hash_format[asyncio]" time="0.001" /><testcase classname="tests.test_iteration14_isolated.TestAdminAuthIsolated" name="test_login_last_word_change_old_phrase_fail[asyncio]" time="1.224" /><testcase classname="tests.test_iteration14_isolated.TestDepositSettlementWorkflow" name="test_pending_preview_confirm_once[asyncio]" time="0.162" /><testcase classname="tests.test_iteration14_isolated.TestDepositSettlementWorkflow" name="test_preview_readonly_and_consistent_with_confirm[asyncio]" time="0.458" /><testcase classname="tests.test_iteration14_isolated.TestDepositSettlementWorkflow" name="test_repeat_and_concurrent_confirm_no_extra_credit[asyncio]" time="0.008" /><testcase classname="tests.test_iteration14_isolated.TestDepositSettlementWorkflow" name="test_pending_concurrent_confirm_three_requests_single_allocation[asyncio]" time="0.068" /><testcase classname="tests.test_iteration14_isolated.TestDepositSettlementWorkflow" name="test_retry_after_simulated_partial_credit_state[asyncio]" time="0.009" /><testcase classname="tests.test_iteration14_isolated.TestDepositSettlementWorkflow" name="test_retry_after_bank_write_does_not_double_book[asyncio]" time="0.009" /><testcase classname="tests.test_iteration14_isolated.TestDepositSettlementWorkflow" name="test_rejected_cancelled_and_missing_user[asyncio]" time="0.005" /><testcase classname="tests.test_iteration14_isolated.TestPublicLiveEndpoints" name="test_shop_20_items_and_search_safety" time="0.626" /><testcase classname="tests.test_iteration14_isolated.TestAdminAuthIsolated" name="test_role_isolation_and_user_agent_binding[asyncio]" time="0.282" /><testcase classname="tests.test_iteration14_isolated.TestPublicLiveEndpoints" name="test_discord_public_redirect_cookie_state" time="0.182" /><testcase classname="tests.test_iteration14_isolated.TestAdminAuthIsolated" name="test_seed_version_rejects_tampered_token[asyncio]" time="0.261" /><testcase classname="tests.test_iteration14_isolated.TestPublicLiveEndpoints" name="test_discord_callback_missing_mismatch_and_replay_state_denied" time="0.811" /><testcase classname="tests.test_iteration14_isolated.TestAdminAuthIsolated" name="test_bruteforce_lockout_after_five_fails[asyncio]" time="1.251" /><testcase classname="tests.test_iteration14_isolated.TestAllocationInvariants" name="test_property_style_amounts" time="0.002" /><testcase classname="tests.test_iteration14_isolated.TestAllocationInvariants" name="test_empty_and_sparse_catalog" time="0.003" /></testsuite></testsuites>