<?xml version="1.0" encoding="utf-8"?><testsuites name="pytest tests"><testsuite name="pytest" errors="0" failures="0" skipped="0" tests="4" time="1.486" timestamp="2026-09-18T16:20:47.372695+00:00" hostname="agent-env-bd1c5537-a9fe-40ce-b740-874632059b27"><testcase classname="tests.test_iteration1_smoke.TestIteration1Smoke" name="test_game_config_shape" time="0.252" /><testcase classname="tests.test_iteration1_smoke.TestIteration1Smoke" name="test_shop_has_items" time="0.177" /><testcase classname="tests.test_iteration1_smoke.TestIteration1Smoke" name="test_guest_presence" time="0.138" /><testcase classname="tests.test_iteration1_smoke.TestIteration1Smoke" name="test_seeded_user_and_auth_me" time="0.339" /></testsuite></testsuites>