<?xml version="1.0" encoding="utf-8"?><testsuites name="pytest tests"><testsuite name="pytest" errors="0" failures="0" skipped="0" tests="15" time="11.776" timestamp="2026-09-23T14:11:30.629549+00:00" hostname="agent-env-6e2c0516-63a1-427c-b018-69358d07f216"><testcase classname="tests.test_staff_intake.TestAuthorization" name="test_anon_gets_401_on_staff_routes" time="0.623" /><testcase classname="tests.test_staff_intake.TestAuthorization" name="test_player_gets_403_on_staff_routes" time="0.235" /><testcase classname="tests.test_staff_intake.TestAuthorization" name="test_staff_gets_403_on_admin_routes" time="0.293" /><testcase classname="tests.test_staff_intake.TestStaffAdminManagement" name="test_disable_blocks_staff_access" time="0.731" /><testcase classname="tests.test_staff_intake.TestQueueAndClaim" name="test_full_flow_report_approve" time="2.422" /><testcase classname="tests.test_staff_intake.TestQueueAndClaim" name="test_concurrent_claim_only_one_wins" time="1.895" /><testcase classname="tests.test_staff_intake.TestEvidenceValidation" name="test_reject_non_image" time="0.334" /><testcase classname="tests.test_staff_intake.TestEvidenceValidation" name="test_reject_oversize" time="0.731" /><testcase classname="tests.test_staff_intake.TestEvidenceValidation" name="test_report_requires_both_checks" time="0.498" /><testcase classname="tests.test_staff_intake.TestEvidenceValidation" name="test_report_min_rap" time="0.466" /><testcase classname="tests.test_staff_intake.TestRevisionAndReject" name="test_revision_flow" time="1.016" /><testcase classname="tests.test_staff_intake.TestRevisionAndReject" name="test_reject_then_return" time="0.891" /><testcase classname="tests.test_staff_intake.TestTransfers" name="test_pending_transfer_then_confirm" time="0.507" /><testcase classname="tests.test_staff_intake.TestShifts" name="test_shift_start_pause_resume_end" time="0.732" /><testcase classname="tests.test_staff_intake.TestShifts" name="test_stats_range_validation" time="0.335" /></testsuite></testsuites>