<?xml version="1.0" encoding="utf-8"?><testsuites name="pytest tests"><testsuite name="pytest" errors="0" failures="0" skipped="0" tests="13" time="7.557" timestamp="2026-09-24T14:13:04.081385+00:00" hostname="agent-env-6e2c0516-63a1-427c-b018-69358d07f216"><testcase classname="tests.test_staff_chat_console.TestScopeAndListing" name="test_free_chat_visible_and_accept_assigns" time="1.865" /><testcase classname="tests.test_staff_chat_console.TestScopeAndListing" name="test_send_auto_takes_free_chat" time="0.187" /><testcase classname="tests.test_staff_chat_console.TestCommandsAuth" name="test_commands_ok_for_staff" time="0.073" /><testcase classname="tests.test_staff_chat_console.TestCommandsAuth" name="test_commands_forbidden_for_player" time="1.818" /><testcase classname="tests.test_staff_chat_console.TestEvidenceAndDepositCreation" name="test_evidence_creates_deposit_for_registered_player" time="0.253" /><testcase classname="tests.test_staff_chat_console.TestEvidenceAndDepositCreation" name="test_evidence_rejects_guest_chat" time="0.212" /><testcase classname="tests.test_staff_chat_console.TestEvidenceAndDepositCreation" name="test_evidence_non_assigned_chat_409" time="0.213" /><testcase classname="tests.test_staff_chat_console.TestReportViaChatAndApprove" name="test_report_requires_screenshot" time="0.247" /><testcase classname="tests.test_staff_chat_console.TestReportViaChatAndApprove" name="test_full_report_approve_flow" time="0.841" /><testcase classname="tests.test_staff_chat_console.TestForbiddenRoutes" name="test_transfers_post_removed" time="0.153" /><testcase classname="tests.test_staff_chat_console.TestForbiddenRoutes" name="test_staff_cannot_call_admin_withdrawals_done" time="0.566" /><testcase classname="tests.test_staff_chat_console.TestForbiddenRoutes" name="test_staff_cannot_grant_coins" time="0.108" /><testcase classname="tests.test_staff_chat_console.TestRejectAndReturnViaChat" name="test_reject_shows_return_form_state" time="0.927" /></testsuite></testsuites>