<?xml version="1.0" encoding="utf-8"?><testsuites name="pytest tests"><testsuite name="pytest" errors="0" failures="0" skipped="0" tests="12" time="9.431" timestamp="2026-09-24T15:10:33.544522+00:00" hostname="agent-env-6e2c0516-63a1-427c-b018-69358d07f216"><testcase classname="tests.test_staff_reject_and_min_amount.TestStaffRejectSkin" name="test_reject_skin_in_assigned_state" time="1.086" /><testcase classname="tests.test_staff_reject_and_min_amount.TestStaffRejectSkin" name="test_reject_with_custom_reason" time="0.465" /><testcase classname="tests.test_staff_reject_and_min_amount.TestStaffRejectSkin" name="test_reject_blocked_after_report_submitted" time="1.210" /><testcase classname="tests.test_staff_reject_and_min_amount.TestStaffRejectSkin" name="test_reject_requires_chat_accepted" time="2.043" /><testcase classname="tests.test_staff_reject_and_min_amount.TestStaffRejectSkin" name="test_reject_free_chat_needs_accept" time="0.159" /><testcase classname="tests.test_staff_reject_and_min_amount.TestStaffRejectSkin" name="test_reject_empty_reason_422" time="1.577" /><testcase classname="tests.test_staff_reject_and_min_amount.TestStaffRejectSkin" name="test_reject_player_token_forbidden" time="0.157" /><testcase classname="tests.test_staff_reject_and_min_amount.TestStaffRejectMoney" name="test_reject_unpaid_da" time="1.676" /><testcase classname="tests.test_staff_reject_and_min_amount.TestStaffRejectMoney" name="test_reject_blocked_after_paid_claim" time="0.334" /><testcase classname="tests.test_staff_reject_and_min_amount.TestDonationAlertsMinKZT" name="test_kzt_below_500_rejected" time="0.423" /><testcase classname="tests.test_staff_reject_and_min_amount.TestDonationAlertsMinKZT" name="test_kzt_at_500_ok" time="0.101" /><testcase classname="tests.test_staff_reject_and_min_amount.TestDonationAlertsMinKZT" name="test_usd_no_min_applies" time="0.114" /></testsuite></testsuites>