<?xml version="1.0" encoding="utf-8"?><testsuites name="pytest tests"><testsuite name="pytest" errors="0" failures="0" skipped="0" tests="10" time="7.984" timestamp="2026-09-23T13:11:43.580477+00:00" hostname="agent-env-ae823a49-376d-4c51-adc4-b6799c75a4de"><testcase classname="tests.test_admin_telegram_test_msg" name="test_admin_telegram_test_requires_admin" time="0.381" /><testcase classname="tests.test_admin_telegram_test_msg" name="test_admin_telegram_test_bad_token_rejected" time="0.300" /><testcase classname="tests.test_admin_telegram_test_msg" name="test_admin_login_works" time="0.406" /><testcase classname="tests.test_admin_telegram_test_msg" name="test_webhook_403_without_secret" time="0.224" /><testcase classname="tests.test_admin_telegram_test_msg" name="test_webhook_200_with_secret" time="0.333" /><testcase classname="tests.test_admin_telegram_test_msg" name="test_da_test_callback_is_money_safe[ask]" time="1.259" /><testcase classname="tests.test_admin_telegram_test_msg" name="test_da_test_callback_is_money_safe[ok]" time="1.239" /><testcase classname="tests.test_admin_telegram_test_msg" name="test_da_test_callback_is_money_safe[rej]" time="1.222" /><testcase classname="tests.test_admin_telegram_test_msg" name="test_da_test_callback_is_money_safe[no]" time="1.298" /><testcase classname="tests.test_admin_telegram_test_msg" name="test_da_test_callback_is_money_safe[amt]" time="1.272" /></testsuite></testsuites>