<?xml version="1.0" encoding="utf-8"?><testsuites name="pytest tests"><testsuite name="pytest" errors="0" failures="0" skipped="1" tests="5" time="1.429" timestamp="2026-09-19T20:11:26.862571+00:00" hostname="agent-env-25d07ef7-dd44-428c-b403-7cda45b630c5"><testcase classname="tests.test_withdrawal_chat_topup_flow" name="test_deposits_info_receiver_is_support" time="0.190" /><testcase classname="tests.test_withdrawal_chat_topup_flow" name="test_chats_create_support_kind" time="0.139" /><testcase classname="tests.test_withdrawal_chat_topup_flow" name="test_chats_create_deposit_receiver_is_support" time="0.268" /><testcase classname="tests.test_withdrawal_chat_topup_flow" name="test_chats_create_withdrawal_guest_unauthorized" time="0.120" /><testcase classname="tests.test_withdrawal_chat_topup_flow" name="test_skin_withdraw_then_withdrawal_chat_has_messages" time="0.153"><skipped type="pytest.skip" message="test user has no skins to withdraw">/app/backend/tests/test_withdrawal_chat_topup_flow.py:88: test user has no skins to withdraw</skipped></testcase></testsuite></testsuites>